Created by PLY version 3.11 (http://www.dabeaz.com/ply)

Grammar

Rule 0     S' -> statement
Rule 1     statement -> CREATE DATABASE ID SEMICOLON

Terminals, with rules where they appear

CREATE               : 1
DATABASE             : 1
ID                   : 1
SEMICOLON            : 1
error                : 

Nonterminals, with rules where they appear

statement            : 0

Parsing method: LALR

state 0

    (0) S' -> . statement
    (1) statement -> . CREATE DATABASE ID SEMICOLON

    CREATE          shift and go to state 2

    statement                      shift and go to state 1

state 1

    (0) S' -> statement .



state 2

    (1) statement -> CREATE . DATABASE ID SEMICOLON

    DATABASE        shift and go to state 3


state 3

    (1) statement -> CREATE DATABASE . ID SEMICOLON

    ID              shift and go to state 4


state 4

    (1) statement -> CREATE DATABASE ID . SEMICOLON

    SEMICOLON       shift and go to state 5


state 5

    (1) statement -> CREATE DATABASE ID SEMICOLON .

    $end            reduce using rule 1 (statement -> CREATE DATABASE ID SEMICOLON .)

